  [4;36;1mSQL (0.3ms)[0m   [0;1m SELECT name
 FROM sqlite_master
 WHERE type = 'table' AND NOT name = 'sqlite_sequence'
[0m
  [4;35;1mSQL (14.5ms)[0m   [0mselect sqlite_version(*)[0m
  [4;36;1mSQL (6.1ms)[0m   [0;1mCREATE TABLE "schema_migrations" ("version" varchar(255) NOT NULL) [0m
  [4;35;1mSQL (1.8ms)[0m   [0mCREATE UNIQUE INDEX "unique_schema_migrations" ON "schema_migrations" ("version")[0m
  [4;36;1mSQL (0.2ms)[0m   [0;1m SELECT name
 FROM sqlite_master
 WHERE type = 'table' AND NOT name = 'sqlite_sequence'
[0m
  [4;35;1mSQL (0.1ms)[0m   [0mSELECT version FROM schema_migrations[0m
Migrating to CreateTwits (20090622131454)
  [4;36;1mSQL (0.5ms)[0m   [0;1m SELECT name
 FROM sqlite_master
 WHERE type = 'table' AND NOT name = 'sqlite_sequence'
[0m
  [4;35;1mSQL (0.1ms)[0m   [0mSELECT version FROM schema_migrations[0m
Migrating to CreateTwits (20090622131454)
  [4;36;1mSQL (0.1ms)[0m   [0;1mselect sqlite_version(*)[0m
  [4;35;1mSQL (0.8ms)[0m   [0mCREATE TABLE "twits" ("id" INTEGER PRIMARY KEY AUTOINCREMENT NOT NULL, "text" varchar(255), "username" varchar(255), "avatar_url" varchar(255), "userid" integer, "twit_created_at" time, "created_at" datetime, "updated_at" datetime) [0m
  [4;36;1mSQL (0.2ms)[0m   [0;1mINSERT INTO schema_migrations (version) VALUES ('20090622131454')[0m
  [4;35;1mSQL (0.3ms)[0m   [0m SELECT name
 FROM sqlite_master
 WHERE type = 'table' AND NOT name = 'sqlite_sequence'
[0m
  [4;36;1mSQL (0.1ms)[0m   [0;1mSELECT version FROM schema_migrations[0m
  [4;35;1mSQL (0.2ms)[0m   [0m SELECT name
 FROM sqlite_master
 WHERE type = 'table' AND NOT name = 'sqlite_sequence'
[0m
  [4;36;1mSQL (0.1ms)[0m   [0;1mPRAGMA index_list("twits")[0m
  [4;36;1mSQL (0.5ms)[0m   [0;1m SELECT name
 FROM sqlite_master
 WHERE type = 'table' AND NOT name = 'sqlite_sequence'
[0m
  [4;35;1mSQL (0.2ms)[0m   [0mSELECT version FROM schema_migrations[0m
Migrating to CreateTwits (20090622131454)
Migrating to AddTwitIdToTwits (20090622132843)
  [4;36;1mSQL (0.1ms)[0m   [0;1mselect sqlite_version(*)[0m
  [4;35;1mSQL (0.7ms)[0m   [0mALTER TABLE "twits" ADD "twitid" integer[0m
  [4;36;1mSQL (0.1ms)[0m   [0;1mINSERT INTO schema_migrations (version) VALUES ('20090622132843')[0m
Migrating to TwitCreatedAtTurnsToString (20090622133203)
  [4;35;1mSQL (1.0ms)[0m   [0mCREATE TEMPORARY TABLE "altered_twits" ("id" INTEGER PRIMARY KEY AUTOINCREMENT NOT NULL, "text" varchar(255), "username" varchar(255), "avatar_url" varchar(255), "userid" integer, "twit_created_at" time, "created_at" datetime, "updated_at" datetime, "twitid" integer) [0m
  [4;36;1mSQL (0.1ms)[0m   [0;1mPRAGMA index_list("twits")[0m
  [4;35;1mSQL (0.3ms)[0m   [0mDROP TABLE "twits"[0m
  [4;36;1mSQL (0.3ms)[0m   [0;1mCREATE TABLE "twits" ("id" INTEGER PRIMARY KEY AUTOINCREMENT NOT NULL, "text" varchar(255), "username" varchar(255), "avatar_url" varchar(255), "userid" integer, "twit_created_at" varchar(255), "created_at" datetime, "updated_at" datetime, "twitid" integer) [0m
  [4;35;1mSQL (0.1ms)[0m   [0mPRAGMA index_list("altered_twits")[0m
  [4;36;1mSQL (0.1ms)[0m   [0;1mDROP TABLE "altered_twits"[0m
  [4;35;1mSQL (0.2ms)[0m   [0mINSERT INTO schema_migrations (version) VALUES ('20090622133203')[0m
  [4;36;1mSQL (0.4ms)[0m   [0;1m SELECT name
 FROM sqlite_master
 WHERE type = 'table' AND NOT name = 'sqlite_sequence'
[0m
  [4;35;1mSQL (0.2ms)[0m   [0mSELECT version FROM schema_migrations[0m
  [4;36;1mSQL (0.3ms)[0m   [0;1m SELECT name
 FROM sqlite_master
 WHERE type = 'table' AND NOT name = 'sqlite_sequence'
[0m
  [4;35;1mSQL (0.1ms)[0m   [0mPRAGMA index_list("twits")[0m
  [4;36;1mTwit Create (0.5ms)[0m   [0;1mINSERT INTO "twits" ("updated_at", "text", "twitid", "username", "twit_created_at", "userid", "avatar_url", "created_at") VALUES('2009-06-22 14:01:37', 'Protips lol', NULL, 'el tipador', '2009-06-22 17:01:33', 100, 'http://localhost:3000/avatar.gif', '2009-06-22 14:01:37')[0m
  [4;36;1mTwit Load (0.6ms)[0m   [0;1mSELECT * FROM "twits" [0m
